2023/02/04 12:00:47 
2023/02/04 12:00:47 Starting - main.go
2023/02/04 12:00:47 Done - ClearScreen, InvisibleCursor
2023/02/04 12:00:47 Started - keyBoardRead()
2023/02/04 12:00:47 Stage: 1
2023/02/04 12:00:47 Starting, menu/menu.go
2023/02/04 12:00:47 Menu - Done - ClearScreen, NotVisibleCursor, DrawLogo
2023/02/04 12:00:47 Menu - Main loop starting
2023/02/04 12:00:48 Menu - Game
2023/02/04 12:00:48 Menu - Send 2
2023/02/04 12:00:48 Stage: 2
2023/02/04 12:00:48 Starting - Game.go
2023/02/04 12:00:48 Game - Done - ClearScreen, NotVisibleCursor, DrawLogo
2023/02/04 12:00:48 Game - Init world
2023/02/04 12:00:48 Game - Done - Init world
2023/02/04 12:00:48 Game - Main loop starting
2023/02/04 12:00:49 Game - SetPlayerPosition - 1:0
2023/02/04 12:00:50 Game - SetPlayerPosition - 1:0
2023/02/04 12:00:51 Game - SetPlayerPosition - 1:0
2023/02/04 12:00:52 Game - SetPlayerPosition - 1:0
2023/02/04 12:00:52 Game - SetPlayerPosition - 1:0
2023/02/04 12:00:53 Game - SetPlayerPosition - 1:0
2023/02/04 12:00:54 Game - SetPlayerPosition - 1:0
2023/02/04 12:00:55 Game - Exit
2023/02/04 12:00:55 Game - Send 1
2023/02/04 12:00:55 Stage: 1
2023/02/04 12:00:55 Starting, menu/menu.go
2023/02/04 12:00:55 Menu - Done - ClearScreen, NotVisibleCursor, DrawLogo
2023/02/04 12:00:55 Menu - Main loop starting
2023/02/04 12:00:56 Menu - Exit
2023/02/04 12:00:56 Menu - Send 0
2023/02/04 12:00:56 Stage: 0
2023/02/04 12:00:56 Exiting - main.go
2023/02/04 12:01:45 
2023/02/04 12:01:45 Starting - main.go
2023/02/04 12:01:45 Done - ClearScreen, InvisibleCursor
2023/02/04 12:01:45 Started - keyBoardRead()
2023/02/04 12:01:45 Stage: 1
2023/02/04 12:01:45 Starting, menu/menu.go
2023/02/04 12:01:45 Menu - Done - ClearScreen, NotVisibleCursor, DrawLogo
2023/02/04 12:01:45 Menu - Main loop starting
2023/02/04 12:01:46 Menu - Game
2023/02/04 12:01:46 Menu - Send 2
2023/02/04 12:01:46 Stage: 2
2023/02/04 12:01:46 Starting - Game.go
2023/02/04 12:01:46 Game - Done - ClearScreen, NotVisibleCursor, DrawLogo
2023/02/04 12:01:46 Game - Init world
2023/02/04 12:01:46 Game - Done - Init world
2023/02/04 12:01:46 Game - Main loop starting
2023/02/04 12:01:46 Game - SetPlayerPosition - 1:0
2023/02/04 12:01:47 Game - SetPlayerPosition - 1:1
2023/02/04 12:01:47 Game - SetPlayerPosition - 0:1
2023/02/04 12:01:47 Game - SetPlayerPosition - 1:1
2023/02/04 12:01:47 Game - SetPlayerPosition - 1:2
2023/02/04 12:01:47 Game - SetPlayerPosition - 1:1
2023/02/04 12:01:48 Game - SetPlayerPosition - 1:2
2023/02/04 12:01:48 Game - SetPlayerPosition - 1:3
2023/02/04 12:01:48 Game - SetPlayerPosition - 1:4
2023/02/04 12:01:48 Game - SetPlayerPosition - 1:5
2023/02/04 12:01:49 Game - SetPlayerPosition - 2:5
2023/02/04 12:01:49 Game - SetPlayerPosition - 3:5
2023/02/04 12:01:49 Game - SetPlayerPosition - 4:5
2023/02/04 12:01:49 Game - SetPlayerPosition - 5:5
2023/02/04 12:01:49 Game - SetPlayerPosition - 6:5
2023/02/04 12:01:50 Game - SetPlayerPosition - 7:5
2023/02/04 12:01:50 Game - SetPlayerPosition - 8:5
2023/02/04 12:01:50 Game - SetPlayerPosition - 9:5
2023/02/04 12:01:50 Game - SetPlayerPosition - 10:5
2023/02/04 12:01:50 Game - SetPlayerPosition - 11:5
2023/02/04 12:01:50 Game - SetPlayerPosition - 12:5
2023/02/04 12:01:50 Game - SetPlayerPosition - 11:5
2023/02/04 12:01:51 Game - SetPlayerPosition - 10:5
2023/02/04 12:01:51 Game - SetPlayerPosition - 9:5
2023/02/04 12:01:51 Game - SetPlayerPosition - 8:5
2023/02/04 12:01:51 Game - SetPlayerPosition - 7:5
2023/02/04 12:01:51 Game - SetPlayerPosition - 6:5
2023/02/04 12:01:51 Game - SetPlayerPosition - 6:4
2023/02/04 12:01:52 Game - SetPlayerPosition - 6:3
2023/02/04 12:01:52 Game - SetPlayerPosition - 6:2
2023/02/04 12:01:52 Game - SetPlayerPosition - 6:3
2023/02/04 12:01:52 Game - SetPlayerPosition - 6:4
2023/02/04 12:01:53 Game - SetPlayerPosition - 7:4
2023/02/04 12:01:53 Game - SetPlayerPosition - 8:4
2023/02/04 12:01:53 Game - SetPlayerPosition - 9:4
2023/02/04 12:01:54 Game - SetPlayerPosition - 10:4
2023/02/04 12:01:54 Game - SetPlayerPosition - 11:4
2023/02/04 12:01:54 Game - SetPlayerPosition - 10:4
2023/02/04 12:01:54 Game - SetPlayerPosition - 9:4
2023/02/04 12:01:54 Game - SetPlayerPosition - 8:4
2023/02/04 12:01:55 Game - SetPlayerPosition - 8:3
2023/02/04 12:01:55 Game - SetPlayerPosition - 8:2
2023/02/04 12:01:55 Game - SetPlayerPosition - 8:1
2023/02/04 12:01:56 Game - SetPlayerPosition - 7:1
2023/02/04 12:01:56 Game - SetPlayerPosition - 6:1
2023/02/04 12:01:56 Game - SetPlayerPosition - 5:1
2023/02/04 12:01:56 Game - SetPlayerPosition - 4:1
2023/02/04 12:01:56 Game - SetPlayerPosition - 3:1
2023/02/04 12:01:57 Game - SetPlayerPosition - 2:1
2023/02/04 12:01:57 Game - SetPlayerPosition - 1:1
2023/02/04 12:01:57 Game - SetPlayerPosition - 1:2
2023/02/04 12:01:57 Game - SetPlayerPosition - 1:3
2023/02/04 12:01:57 Game - SetPlayerPosition - 1:4
2023/02/04 12:01:57 Game - SetPlayerPosition - 1:5
2023/02/04 12:01:57 Game - SetPlayerPosition - 1:6
2023/02/04 12:01:58 Game - SetPlayerPosition - 1:7
2023/02/04 12:01:58 Game - SetPlayerPosition - 1:8
2023/02/04 12:01:58 Game - SetPlayerPosition - 1:9
2023/02/04 12:01:58 Game - SetPlayerPosition - 1:10
2023/02/04 12:01:58 Game - SetPlayerPosition - 1:11
2023/02/04 12:01:58 Game - SetPlayerPosition - 1:12
2023/02/04 12:01:58 Game - SetPlayerPosition - 1:13
2023/02/04 12:01:58 Game - SetPlayerPosition - 1:14
2023/02/04 12:01:58 Game - SetPlayerPosition - 1:15
2023/02/04 12:01:58 Game - SetPlayerPosition - 1:16
2023/02/04 12:01:58 Game - SetPlayerPosition - 1:17
2023/02/04 12:01:58 Game - SetPlayerPosition - 1:18
2023/02/04 12:01:59 Game - SetPlayerPosition - 1:19
2023/02/04 12:01:59 Game - SetPlayerPosition - 1:20
2023/02/04 12:01:59 Game - SetPlayerPosition - 2:20
2023/02/04 12:01:59 Game - SetPlayerPosition - 3:20
2023/02/04 12:01:59 Game - SetPlayerPosition - 4:20
2023/02/04 12:01:59 Game - SetPlayerPosition - 5:20
2023/02/04 12:01:59 Game - SetPlayerPosition - 6:20
2023/02/04 12:02:00 Game - SetPlayerPosition - 7:20
2023/02/04 12:02:00 Game - SetPlayerPosition - 8:20
2023/02/04 12:02:00 Game - SetPlayerPosition - 9:20
2023/02/04 12:02:00 Game - SetPlayerPosition - 10:20
2023/02/04 12:02:00 Game - SetPlayerPosition - 11:20
2023/02/04 12:02:00 Game - SetPlayerPosition - 12:20
2023/02/04 12:02:00 Game - SetPlayerPosition - 13:20
2023/02/04 12:02:00 Game - SetPlayerPosition - 14:20
2023/02/04 12:02:00 Game - SetPlayerPosition - 15:20
2023/02/04 12:02:00 Game - SetPlayerPosition - 16:20
2023/02/04 12:02:00 Game - SetPlayerPosition - 17:20
2023/02/04 12:02:00 Game - SetPlayerPosition - 18:20
2023/02/04 12:02:38 Game - SetPlayerPosition - 19:20
2023/02/04 12:02:38 Game - SetPlayerPosition - 20:20
2023/02/04 12:02:38 Game - SetPlayerPosition - 21:20
2023/02/04 12:02:38 Game - SetPlayerPosition - 22:20
2023/02/04 12:02:39 Game - SetPlayerPosition - 23:20
2023/02/04 12:02:39 Game - SetPlayerPosition - 24:20
2023/02/04 12:02:39 Game - SetPlayerPosition - 25:20
2023/02/04 12:02:39 Game - SetPlayerPosition - 26:20
2023/02/04 12:02:39 Game - SetPlayerPosition - 27:20
2023/02/04 12:02:39 Game - SetPlayerPosition - 27:19
2023/02/04 12:02:39 Game - SetPlayerPosition - 27:18
2023/02/04 12:02:40 Game - SetPlayerPosition - 27:17
2023/02/04 12:02:40 Game - SetPlayerPosition - 27:16
2023/02/04 12:02:40 Game - SetPlayerPosition - 27:15
2023/02/04 12:02:40 Game - SetPlayerPosition - 27:14
2023/02/04 12:02:40 Game - SetPlayerPosition - 27:13
2023/02/04 12:02:40 Game - SetPlayerPosition - 27:12
2023/02/04 12:02:40 Game - SetPlayerPosition - 27:11
2023/02/04 12:02:40 Game - SetPlayerPosition - 27:10
2023/02/04 12:02:40 Game - SetPlayerPosition - 27:9
2023/02/04 12:02:40 Game - SetPlayerPosition - 27:8
2023/02/04 12:02:40 Game - SetPlayerPosition - 27:7
2023/02/04 12:02:40 Game - SetPlayerPosition - 27:6
2023/02/04 12:02:40 Game - SetPlayerPosition - 28:6
2023/02/04 12:02:41 Game - SetPlayerPosition - 29:6
2023/02/04 12:02:41 Game - SetPlayerPosition - 30:6
2023/02/04 12:02:41 Game - SetPlayerPosition - 31:6
2023/02/04 12:02:41 Game - SetPlayerPosition - 32:6
2023/02/04 12:02:41 Game - SetPlayerPosition - 33:6
2023/02/04 12:02:41 Game - SetPlayerPosition - 34:6
2023/02/04 12:02:41 Game - SetPlayerPosition - 35:6
2023/02/04 12:02:42 Game - SetPlayerPosition - 36:6
2023/02/04 12:02:42 Game - SetPlayerPosition - 37:6
2023/02/04 12:02:42 Game - SetPlayerPosition - 38:6
2023/02/04 12:02:42 Game - SetPlayerPosition - 39:6
2023/02/04 12:02:42 Game - SetPlayerPosition - 40:6
2023/02/04 12:02:42 Game - SetPlayerPosition - 41:6
2023/02/04 12:02:42 Game - SetPlayerPosition - 42:6
2023/02/04 12:02:42 Game - SetPlayerPosition - 43:6
2023/02/04 12:02:42 Game - SetPlayerPosition - 44:6
2023/02/04 12:02:42 Game - SetPlayerPosition - 45:6
2023/02/04 12:02:42 Game - SetPlayerPosition - 46:6
2023/02/04 12:02:42 Game - SetPlayerPosition - 47:6
2023/02/04 12:02:43 Game - SetPlayerPosition - 48:6
2023/02/04 12:02:43 Game - SetPlayerPosition - 49:6
2023/02/04 12:02:43 Game - SetPlayerPosition - 50:6
2023/02/04 12:02:43 Game - SetPlayerPosition - 51:6
2023/02/04 12:02:43 Game - SetPlayerPosition - 52:6
2023/02/04 12:02:43 Game - SetPlayerPosition - 53:6
2023/02/04 12:02:43 Game - SetPlayerPosition - 54:6
2023/02/04 12:02:43 Game - SetPlayerPosition - 55:6
2023/02/04 12:02:43 Game - SetPlayerPosition - 56:6
2023/02/04 12:02:43 Game - SetPlayerPosition - 57:6
2023/02/04 12:02:43 Game - SetPlayerPosition - 58:6
2023/02/04 12:02:43 Game - SetPlayerPosition - 59:6
2023/02/04 12:02:44 Game - SetPlayerPosition - 60:6
2023/02/04 12:02:44 Game - SetPlayerPosition - 61:6
2023/02/04 12:02:44 Game - SetPlayerPosition - 62:6
2023/02/04 12:02:44 Game - SetPlayerPosition - 63:6
2023/02/04 12:02:44 Game - SetPlayerPosition - 64:6
2023/02/04 12:02:44 Game - SetPlayerPosition - 65:6
2023/02/04 12:02:44 Game - SetPlayerPosition - 66:6
2023/02/04 12:02:44 Game - SetPlayerPosition - 67:6
2023/02/04 12:02:44 Game - SetPlayerPosition - 68:6
2023/02/04 12:02:44 Game - SetPlayerPosition - 69:6
2023/02/04 12:02:44 Game - SetPlayerPosition - 70:6
2023/02/04 12:02:44 Game - SetPlayerPosition - 71:6
2023/02/04 12:03:10 Game - Exit
2023/02/04 12:03:10 Game - Send 1
2023/02/04 12:03:10 Stage: 1
2023/02/04 12:03:10 Starting, menu/menu.go
2023/02/04 12:03:10 Menu - Done - ClearScreen, NotVisibleCursor, DrawLogo
2023/02/04 12:03:10 Menu - Main loop starting
2023/02/04 12:03:11 Menu - Exit
2023/02/04 12:03:11 Menu - Send 0
2023/02/04 12:03:11 Stage: 0
2023/02/04 12:03:11 Exiting - main.go
